#options: 1920x1080 fps=30/1 timebase=1/30 bitdepth=8 cabac=1 ref=1 deblock=1:0:0 analyse=0x1:0 me=dia subme=2 psy=1 psy_rd=1.00:0.00 mixed_ref=0 me_range=16 chroma_me=1 trellis=0 8x8dct=0 cqm=0 deadzone=21,11 fast_pskip=1 chroma_qp_offset=0 threads=18 lookahead_threads=6 sliced_threads=0 nr=0 decimate=1 interlaced=0 bluray_compat=0 constrained_intra=0 bframes=3 b_pyramid=2 b_adapt=1 b_bias=0 direct=1 weightb=1 open_gop=0 weightp=2 keyint=250 keyint_min=25 scenecut=40 intra_refresh=0 rc_lookahead=40 rc=abr mbtree=1 bitrate=9583 ratetol=1.0 qcomp=0.60 qpmin=0 qpmax=69 qpstep=4 ip_ratio=1.40 aq=1:1.00
in:0 out:0 type:I dur:2 cpbdur:2 q:19.95 aq:6.26 tex:510557 mv:93637 misc:6166 imb:8160 pmb:0 smb:0 d:- ref:;
in:4 out:1 type:P dur:2 cpbdur:2 q:20.36 aq:10.31 tex:340363 mv:27517 misc:5424 imb:1785 pmb:1805 smb:4570 d:- ref:0 ;
in:2 out:2 type:B dur:2 cpbdur:2 q:20.36 aq:13.01 tex:212421 mv:25258 misc:5113 imb:498 pmb:2156 smb:5506 d:- ref:0 ;
in:1 out:3 type:b dur:2 cpbdur:2 q:20.36 aq:14.52 tex:130445 mv:19067 misc:4408 imb:202 pmb:1754 smb:6204 d:- ref:0 ;
in:3 out:4 type:b dur:2 cpbdur:2 q:20.36 aq:16.05 tex:149273 mv:21971 misc:4140 imb:295 pmb:1804 smb:6061 d:- ref:0 ;
in:7 out:5 type:P dur:2 cpbdur:2 q:20.13 aq:9.60 tex:424992 mv:44426 misc:4894 imb:4462 pmb:1445 smb:2253 d:- ref:0 ;
in:5 out:6 type:B dur:2 cpbdur:2 q:20.29 aq:12.60 tex:202068 mv:29983 misc:5773 imb:424 pmb:2441 smb:5295 d:- ref:0 ;
in:6 out:7 type:b dur:2 cpbdur:2 q:20.21 aq:10.96 tex:211471 mv:44104 misc:6713 imb:1002 pmb:3394 smb:3764 d:- ref:0 ;
in:8 out:8 type:P dur:2 cpbdur:2 q:20.13 aq:9.76 tex:375519 mv:43200 misc:5409 imb:3745 pmb:1561 smb:2854 d:- ref:0 ;
in:9 out:9 type:P dur:2 cpbdur:2 q:20.18 aq:9.31 tex:413739 mv:44855 misc:4510 imb:4275 pmb:1396 smb:2489 d:- ref:0 ;
in:11 out:10 type:P dur:2 cpbdur:2 q:20.25 aq:9.16 tex:520999 mv:47746 misc:3903 imb:5013 pmb:1357 smb:1790 d:- ref:0 ;
in:10 out:11 type:b dur:2 cpbdur:2 q:20.22 aq:11.31 tex:290401 mv:59030 misc:5905 imb:1424 pmb:3636 smb:3100 d:- ref:0 ;
in:15 out:12 type:P dur:2 cpbdur:2 q:20.35 aq:10.40 tex:465609 mv:44672 misc:4087 imb:4227 pmb:1455 smb:2478 d:- ref:0 ;
in:13 out:13 type:B dur:2 cpbdur:2 q:20.30 aq:10.63 tex:350743 mv:57997 misc:5532 imb:1710 pmb:3231 smb:3219 d:- ref:0 ;
in:12 out:14 type:b dur:2 cpbdur:2 q:20.28 aq:12.52 tex:277067 mv:52691 misc:5610 imb:1112 pmb:3393 smb:3655 d:- ref:0 ;
in:14 out:15 type:b dur:2 cpbdur:2 q:20.33 aq:12.49 tex:191876 mv:40462 misc:5926 imb:589 pmb:3163 smb:4408 d:- ref:0 ;
in:16 out:16 type:P dur:2 cpbdur:2 q:20.23 aq:10.46 tex:388477 mv:38084 misc:4535 imb:4299 pmb:1067 smb:2794 d:- ref:0 ;
in:17 out:17 type:P dur:2 cpbdur:2 q:20.28 aq:11.42 tex:493162 mv:45715 misc:2603 imb:6372 pmb:792 smb:996 d:- ref:0 ;
in:18 out:18 type:P dur:2 cpbdur:2 q:23.33 aq:13.62 tex:426783 mv:45846 misc:931 imb:7223 pmb:799 smb:138 d:- ref:0 ;
in:19 out:19 type:P dur:2 cpbdur:2 q:22.89 aq:11.43 tex:305865 mv:40497 misc:2238 imb:5973 pmb:778 smb:1409 d:- ref:0 ;
in:21 out:20 type:P dur:2 cpbdur:2 q:21.95 aq:10.34 tex:335757 mv:41329 misc:3058 imb:5336 pmb:1019 smb:1805 d:- ref:0 ;
in:20 out:21 type:b dur:2 cpbdur:2 q:22.42 aq:13.16 tex:163847 mv:43385 misc:5656 imb:1538 pmb:2909 smb:3713 d:- ref:0 ;
in:24 out:22 type:P dur:2 cpbdur:2 q:20.16 aq:9.28 tex:375074 mv:47064 misc:2686 imb:4849 pmb:1432 smb:1879 d:- ref:0 ;
in:22 out:23 type:B dur:2 cpbdur:2 q:21.36 aq:12.51 tex:164062 mv:40128 misc:6042 imb:1278 pmb:2535 smb:4347 d:- ref:0 ;
in:23 out:24 type:b dur:2 cpbdur:2 q:20.76 aq:11.85 tex:200010 mv:48708 misc:5450 imb:1442 pmb:3145 smb:3573 d:- ref:0 ;
in:25 out:25 type:P dur:2 cpbdur:2 q:20.22 aq:9.28 tex:278471 mv:43524 misc:3853 imb:3434 pmb:1774 smb:2952 d:- ref:0 ;
in:26 out:26 type:P dur:2 cpbdur:2 q:20.51 aq:9.52 tex:347464 mv:42125 misc:2643 imb:4723 pmb:1126 smb:2311 d:- ref:0 ;
in:28 out:27 type:P dur:2 cpbdur:2 q:20.85 aq:9.54 tex:242412 mv:37303 misc:3341 imb:4500 pmb:1068 smb:2592 d:- ref:0 ;
in:27 out:28 type:b dur:2 cpbdur:2 q:20.68 aq:12.12 tex:155105 mv:43347 misc:5324 imb:1573 pmb:2495 smb:4092 d:- ref:0 ;
in:29 out:29 type:P dur:2 cpbdur:2 q:21.28 aq:9.73 tex:162472 mv:33185 misc:4167 imb:3851 pmb:1101 smb:3208 d:- ref:0 ;
in:30 out:30 type:P dur:2 cpbdur:2 q:21.53 aq:10.69 tex:123638 mv:29549 misc:4053 imb:3287 pmb:996 smb:3877 d:- ref:0 ;
in:31 out:31 type:P dur:2 cpbdur:2 q:21.63 aq:11.11 tex:246524 mv:38029 misc:2167 imb:6321 pmb:675 smb:1164 d:- ref:0 ;
in:32 out:32 type:P dur:2 cpbdur:2 q:21.72 aq:10.61 tex:172053 mv:43383 misc:3036 imb:5002 pmb:1153 smb:2005 d:- ref:0 ;
in:33 out:33 type:P dur:2 cpbdur:2 q:21.50 aq:10.23 tex:244704 mv:43774 misc:1258 imb:7226 pmb:680 smb:254 d:- ref:0 ;
in:34 out:34 type:P dur:2 cpbdur:2 q:21.59 aq:10.85 tex:295736 mv:43809 misc:1783 imb:6870 pmb:807 smb:483 d:- ref:0 ;
in:35 out:35 type:P dur:2 cpbdur:2 q:21.82 aq:11.62 tex:307627 mv:51488 misc:3429 imb:5703 pmb:1448 smb:1009 d:- ref:0 ;
in:36 out:36 type:P dur:2 cpbdur:2 q:22.22 aq:11.51 tex:205629 mv:46876 misc:4727 imb:4144 pmb:1930 smb:2086 d:- ref:0 ;
in:38 out:37 type:P dur:2 cpbdur:2 q:22.31 aq:12.92 tex:186521 mv:42021 misc:4674 imb:4186 pmb:1641 smb:2333 d:- ref:0 ;
in:37 out:38 type:b dur:2 cpbdur:2 q:22.27 aq:16.21 tex:12081 mv:3566 misc:4017 imb:53 pmb:934 smb:7173 d:- ref:0 ;
in:39 out:39 type:P dur:2 cpbdur:2 q:22.21 aq:12.82 tex:416206 mv:40386 misc:1472 imb:6905 pmb:592 smb:663 d:- ref:0 ;
in:40 out:40 type:P dur:2 cpbdur:2 q:22.31 aq:12.70 tex:246881 mv:45767 misc:3184 imb:4420 pmb:1666 smb:2074 d:- ref:0 ;
in:41 out:41 type:P dur:2 cpbdur:2 q:22.20 aq:8.87 tex:242046 mv:41314 misc:4568 imb:4768 pmb:1083 smb:2309 d:- ref:0 ;
in:42 out:42 type:P dur:2 cpbdur:2 q:22.13 aq:7.39 tex:122703 mv:32299 misc:6542 imb:3777 pmb:1019 smb:3364 d:- ref:0 ;
in:46 out:43 type:P dur:2 cpbdur:2 q:22.04 aq:7.94 tex:154783 mv:35165 misc:5668 imb:4862 pmb:1138 smb:2160 d:- ref:0 ;
in:44 out:44 type:B dur:2 cpbdur:2 q:22.08 aq:9.11 tex:77160 mv:32612 misc:7644 imb:1506 pmb:3068 smb:3586 d:- ref:0 ;
in:43 out:45 type:b dur:2 cpbdur:2 q:22.10 aq:9.99 tex:44576 mv:26631 misc:7681 imb:1207 pmb:2670 smb:4283 d:- ref:0 ;
in:45 out:46 type:b dur:2 cpbdur:2 q:22.06 aq:10.62 tex:33605 mv:21847 misc:7652 imb:775 pmb:2732 smb:4653 d:- ref:0 ;
in:48 out:47 type:P dur:2 cpbdur:2 q:21.56 aq:8.08 tex:122102 mv:28695 misc:6883 imb:4018 pmb:1025 smb:3117 d:- ref:0 ;
in:47 out:48 type:b dur:2 cpbdur:2 q:21.80 aq:10.52 tex:53925 mv:24379 misc:7696 imb:1137 pmb:2646 smb:4377 d:- ref:0 ;
in:49 out:49 type:P dur:2 cpbdur:2 q:21.26 aq:7.97 tex:109450 mv:23454 misc:7176 imb:3438 pmb:819 smb:3903 d:- ref:0 ;
in:50 out:50 type:P dur:2 cpbdur:2 q:21.13 aq:8.13 tex:157252 mv:23626 misc:6826 imb:3506 pmb:807 smb:3847 d:- ref:0 ;
in:51 out:51 type:P dur:2 cpbdur:2 q:21.06 aq:8.47 tex:169493 mv:23842 misc:6601 imb:3559 pmb:798 smb:3803 d:- ref:0 ;
in:52 out:52 type:P dur:2 cpbdur:2 q:21.06 aq:9.07 tex:224219 mv:24913 misc:6092 imb:3722 pmb:863 smb:3575 d:- ref:0 ;
in:53 out:53 type:P dur:2 cpbdur:2 q:21.09 aq:9.64 tex:280457 mv:27065 misc:5598 imb:3917 pmb:830 smb:3413 d:- ref:0 ;
in:54 out:54 type:P dur:2 cpbdur:2 q:21.05 aq:9.94 tex:376640 mv:30157 misc:5251 imb:4247 pmb:796 smb:3117 d:- ref:0 ;
in:55 out:55 type:P dur:2 cpbdur:2 q:21.02 aq:9.68 tex:424307 mv:35302 misc:4975 imb:4584 pmb:986 smb:2590 d:- ref:0 ;
in:57 out:56 type:P dur:2 cpbdur:2 q:20.81 aq:10.88 tex:455278 mv:37424 misc:4178 imb:5180 pmb:1087 smb:1893 d:- ref:0 ;
in:56 out:57 type:b dur:2 cpbdur:2 q:20.91 aq:12.66 tex:242374 mv:38620 misc:6230 imb:988 pmb:3053 smb:4119 d:- ref:0 ;
in:58 out:58 type:P dur:2 cpbdur:2 q:20.91 aq:10.77 tex:586818 mv:36686 misc:2640 imb:6177 pmb:689 smb:1294 d:- ref:0 ;
in:59 out:59 type:P dur:2 cpbdur:2 q:20.97 aq:11.29 tex:478367 mv:43120 misc:3545 imb:3706 pmb:1757 smb:2697 d:- ref:0 ;
in:60 out:60 type:P dur:2 cpbdur:2 q:20.91 aq:11.05 tex:531163 mv:43342 misc:3207 imb:5430 pmb:1245 smb:1485 d:- ref:0 ;
in:61 out:61 type:P dur:2 cpbdur:2 q:20.88 aq:10.26 tex:596321 mv:45785 misc:2894 imb:5817 pmb:1102 smb:1241 d:- ref:0 ;
in:65 out:62 type:P dur:2 cpbdur:2 q:20.82 aq:9.51 tex:721111 mv:50880 misc:2577 imb:5898 pmb:1290 smb:972 d:- ref:0 ;
in:63 out:63 type:B dur:2 cpbdur:2 q:20.85 aq:12.28 tex:381107 mv:61609 misc:5356 imb:1829 pmb:3540 smb:2791 d:- ref:0 ;
in:62 out:64 type:b dur:2 cpbdur:2 q:20.86 aq:13.55 tex:323170 mv:59565 misc:5433 imb:1577 pmb:3604 smb:2979 d:- ref:0 ;
in:64 out:65 type:b dur:2 cpbdur:2 q:20.83 aq:15.80 tex:224821 mv:39660 misc:6087 imb:479 pmb:3334 smb:4347 d:- ref:0 ;
in:69 out:66 type:P dur:2 cpbdur:2 q:20.24 aq:10.24 tex:636209 mv:46268 misc:4227 imb:3386 pmb:2103 smb:2671 d:- ref:0 ;
in:67 out:67 type:B dur:2 cpbdur:2 q:20.53 aq:13.81 tex:300522 mv:50680 misc:5550 imb:611 pmb:3539 smb:4010 d:- ref:0 ;
in:66 out:68 type:b dur:2 cpbdur:2 q:20.67 aq:16.92 tex:191033 mv:35634 misc:5229 imb:237 pmb:2947 smb:4976 d:- ref:0 ;
in:68 out:69 type:b dur:2 cpbdur:2 q:20.39 aq:15.42 tex:239518 mv:44434 misc:5312 imb:597 pmb:3305 smb:4258 d:- ref:0 ;
in:73 out:70 type:P dur:2 cpbdur:2 q:19.98 aq:10.41 tex:492196 mv:48690 misc:4466 imb:2893 pmb:2587 smb:2680 d:- ref:0 ;
in:71 out:71 type:B dur:2 cpbdur:2 q:20.11 aq:12.88 tex:305111 mv:50703 misc:5498 imb:599 pmb:3847 smb:3714 d:- ref:0 ;
in:70 out:72 type:b dur:2 cpbdur:2 q:20.18 aq:16.02 tex:199552 mv:39631 misc:5281 imb:326 pmb:3236 smb:4598 d:- ref:0 ;
in:72 out:73 type:b dur:2 cpbdur:2 q:20.04 aq:14.72 tex:191932 mv:39143 misc:5653 imb:319 pmb:3370 smb:4471 d:- ref:0 ;
in:77 out:74 type:P dur:2 cpbdur:2 q:20.20 aq:10.29 tex:589669 mv:51827 misc:3592 imb:4354 pmb:2006 smb:1800 d:- ref:0 ;
in:75 out:75 type:B dur:2 cpbdur:2 q:20.09 aq:12.02 tex:387440 mv:56209 misc:5559 imb:1152 pmb:3905 smb:3103 d:- ref:0 ;
in:74 out:76 type:b dur:2 cpbdur:2 q:20.03 aq:14.08 tex:263596 mv:46041 misc:5779 imb:664 pmb:3550 smb:3946 d:- ref:0 ;
in:76 out:77 type:b dur:2 cpbdur:2 q:20.14 aq:14.72 tex:260648 mv:46883 misc:5549 imb:686 pmb:3319 smb:4155 d:- ref:0 ;
in:80 out:78 type:P dur:2 cpbdur:2 q:20.74 aq:10.52 tex:629042 mv:52490 misc:3412 imb:4931 pmb:1875 smb:1354 d:- ref:0 ;
in:78 out:79 type:B dur:2 cpbdur:2 q:20.38 aq:13.95 tex:374948 mv:56690 misc:5546 imb:1643 pmb:3519 smb:2998 d:- ref:0 ;
in:79 out:80 type:b dur:2 cpbdur:2 q:20.56 aq:15.96 tex:306271 mv:51791 misc:4994 imb:1416 pmb:2932 smb:3812 d:- ref:0 ;
in:83 out:81 type:P dur:2 cpbdur:2 q:21.32 aq:10.79 tex:494868 mv:42921 misc:3403 imb:3732 pmb:1450 smb:2978 d:- ref:0 ;
in:81 out:82 type:B dur:2 cpbdur:2 q:20.93 aq:16.36 tex:308035 mv:51028 misc:4657 imb:1190 pmb:2967 smb:4003 d:- ref:0 ;
in:82 out:83 type:b dur:2 cpbdur:2 q:21.13 aq:16.48 tex:284560 mv:45163 misc:4597 imb:947 pmb:2818 smb:4395 d:- ref:0 ;
in:85 out:84 type:P dur:2 cpbdur:2 q:21.61 aq:9.61 tex:469828 mv:41963 misc:4273 imb:3361 pmb:1800 smb:2999 d:- ref:0 ;
in:84 out:85 type:b dur:2 cpbdur:2 q:21.46 aq:15.35 tex:246530 mv:43061 misc:5121 imb:837 pmb:2787 smb:4536 d:- ref:0 ;
in:89 out:86 type:P dur:2 cpbdur:2 q:21.64 aq:10.07 tex:381474 mv:41919 misc:4895 imb:2873 pmb:2050 smb:3237 d:- ref:0 ;
in:87 out:87 type:B dur:2 cpbdur:2 q:21.62 aq:15.13 tex:256477 mv:42912 misc:5307 imb:619 pmb:2991 smb:4550 d:- ref:0 ;
in:86 out:88 type:b dur:2 cpbdur:2 q:21.61 aq:16.69 tex:162501 mv:34482 misc:4873 imb:345 pmb:2670 smb:5145 d:- ref:0 ;
in:88 out:89 type:b dur:2 cpbdur:2 q:21.63 aq:17.83 tex:167703 mv:33592 misc:5009 imb:354 pmb:2514 smb:5292 d:- ref:0 ;
in:91 out:90 type:P dur:2 cpbdur:2 q:21.68 aq:10.40 tex:303291 mv:33831 misc:4838 imb:2125 pmb:1820 smb:4215 d:- ref:0 ;
in:90 out:91 type:b dur:2 cpbdur:2 q:21.66 aq:17.45 tex:158417 mv:31026 misc:4933 imb:470 pmb:2328 smb:5362 d:- ref:0 ;
in:92 out:92 type:P dur:2 cpbdur:2 q:21.71 aq:10.34 tex:202279 mv:27374 misc:4259 imb:1538 pmb:1611 smb:5011 d:- ref:0 ;
in:95 out:93 type:P dur:2 cpbdur:2 q:21.76 aq:9.28 tex:187603 mv:26451 misc:3090 imb:2597 pmb:1016 smb:4547 d:- ref:0 ;
in:93 out:94 type:B dur:2 cpbdur:2 q:21.73 aq:14.11 tex:85921 mv:23882 misc:4125 imb:443 pmb:1726 smb:5991 d:- ref:0 ;
in:94 out:95 type:b dur:2 cpbdur:2 q:21.74 aq:14.90 tex:65025 mv:21410 misc:4005 imb:310 pmb:1808 smb:6042 d:- ref:0 ;
in:99 out:96 type:P dur:2 cpbdur:2 q:21.77 aq:9.90 tex:184865 mv:27468 misc:4027 imb:2741 pmb:987 smb:4432 d:- ref:0 ;
in:97 out:97 type:B dur:2 cpbdur:2 q:21.76 aq:13.21 tex:114480 mv:28534 misc:4618 imb:631 pmb:2124 smb:5405 d:- ref:0 ;
in:96 out:98 type:b dur:2 cpbdur:2 q:21.76 aq:17.07 tex:83985 mv:23152 misc:4263 imb:301 pmb:1965 smb:5894 d:- ref:0 ;
in:98 out:99 type:b dur:2 cpbdur:2 q:21.77 aq:16.63 tex:65360 mv:18691 misc:3861 imb:314 pmb:1558 smb:6288 d:- ref:0 ;
in:101 out:100 type:P dur:2 cpbdur:2 q:21.80 aq:10.22 tex:190363 mv:25332 misc:2857 imb:2806 pmb:675 smb:4679 d:- ref:0 ;
in:100 out:101 type:b dur:2 cpbdur:2 q:21.79 aq:16.06 tex:87847 mv:23639 misc:3770 imb:628 pmb:1761 smb:5771 d:- ref:0 ;
in:104 out:102 type:P dur:2 cpbdur:2 q:21.83 aq:11.15 tex:287995 mv:42338 misc:3899 imb:4676 pmb:1406 smb:2078 d:- ref:0 ;
in:102 out:103 type:B dur:2 cpbdur:2 q:21.81 aq:14.87 tex:131694 mv:29082 misc:5472 imb:820 pmb:2058 smb:5282 d:- ref:0 ;
in:103 out:104 type:b dur:2 cpbdur:2 q:21.82 aq:13.11 tex:160869 mv:39040 misc:6499 imb:968 pmb:3011 smb:4181 d:- ref:0 ;
in:105 out:105 type:P dur:2 cpbdur:2 q:21.81 aq:11.04 tex:297846 mv:42648 misc:4042 imb:4512 pmb:1440 smb:2208 d:- ref:0 ;
in:106 out:106 type:P dur:2 cpbdur:2 q:21.79 aq:11.99 tex:276888 mv:39829 misc:5091 imb:2804 pmb:1697 smb:3659 d:- ref:0 ;
in:107 out:107 type:P dur:2 cpbdur:2 q:21.76 aq:10.44 tex:272947 mv:39878 misc:4551 imb:4030 pmb:1436 smb:2694 d:- ref:0 ;
in:108 out:108 type:P dur:2 cpbdur:2 q:21.76 aq:10.35 tex:305235 mv:38238 misc:4567 imb:3857 pmb:1273 smb:3030 d:- ref:0 ;
in:109 out:109 type:P dur:2 cpbdur:2 q:21.73 aq:10.14 tex:303644 mv:38815 misc:4493 imb:3780 pmb:1388 smb:2992 d:- ref:0 ;
in:110 out:110 type:P dur:2 cpbdur:2 q:21.70 aq:10.51 tex:287311 mv:37701 misc:5228 imb:3330 pmb:1574 smb:3256 d:- ref:0 ;
in:111 out:111 type:P dur:2 cpbdur:2 q:21.65 aq:8.11 tex:224060 mv:32218 misc:3282 imb:5856 pmb:808 smb:1496 d:- ref:0 ;
in:113 out:112 type:P dur:2 cpbdur:2 q:21.57 aq:8.10 tex:214415 mv:24612 misc:1685 imb:6408 pmb:391 smb:1361 d:- ref:0 ;
in:112 out:113 type:b dur:2 cpbdur:2 q:21.61 aq:10.37 tex:140438 mv:33799 misc:5267 imb:2238 pmb:2171 smb:3751 d:- ref:0 ;
in:114 out:114 type:P dur:2 cpbdur:2 q:21.39 aq:7.78 tex:153797 mv:22233 misc:2114 imb:5327 pmb:532 smb:2301 d:- ref:0 ;
in:115 out:115 type:P dur:2 cpbdur:2 q:21.32 aq:10.68 tex:155969 mv:25399 misc:2728 imb:3583 pmb:825 smb:3752 d:- ref:0 ;
in:116 out:116 type:P dur:2 cpbdur:2 q:21.22 aq:9.87 tex:271322 mv:33866 misc:2196 imb:5198 pmb:736 smb:2226 d:- ref:0 ;
in:117 out:117 type:P dur:2 cpbdur:2 q:21.13 aq:9.82 tex:350631 mv:44300 misc:3309 imb:4453 pmb:1544 smb:2163 d:- ref:0 ;
in:120 out:118 type:P dur:2 cpbdur:2 q:21.10 aq:9.49 tex:488962 mv:51484 misc:1794 imb:6141 pmb:1452 smb:567 d:- ref:0 ;
in:118 out:119 type:B dur:2 cpbdur:2 q:21.12 aq:11.64 tex:272764 mv:57151 misc:5245 imb:1779 pmb:3384 smb:2997 d:- ref:0 ;
in:119 out:120 type:b dur:2 cpbdur:2 q:21.11 aq:12.66 tex:205844 mv:49512 misc:5652 imb:1128 pmb:3707 smb:3325 d:- ref:0 ;
in:124 out:121 type:P dur:2 cpbdur:2 q:21.00 aq:9.91 tex:388792 mv:49526 misc:2810 imb:5091 pmb:1794 smb:1275 d:- ref:0 ;
in:122 out:122 type:B dur:2 cpbdur:2 q:21.05 aq:11.65 tex:211731 mv:50909 misc:5616 imb:1092 pmb:3826 smb:3242 d:- ref:0 ;
in:121 out:123 type:b dur:2 cpbdur:2 q:21.07 aq:14.08 tex:130546 mv:39550 misc:5912 imb:586 pmb:3404 smb:4170 d:- ref:0 ;
in:123 out:124 type:b dur:2 cpbdur:2 q:21.02 aq:13.61 tex:136468 mv:41392 misc:5660 imb:646 pmb:3482 smb:4032 d:- ref:0 ;
in:126 out:125 type:P dur:2 cpbdur:2 q:20.97 aq:10.74 tex:271307 mv:44146 misc:3963 imb:4000 pmb:1668 smb:2492 d:- ref:0 ;
in:125 out:126 type:b dur:2 cpbdur:2 q:20.98 aq:12.47 tex:154804 mv:44703 misc:5461 imb:891 pmb:3362 smb:3907 d:- ref:0 ;
in:129 out:127 type:P dur:2 cpbdur:2 q:20.97 aq:10.90 tex:355864 mv:51722 misc:2150 imb:5686 pmb:1719 smb:755 d:- ref:0 ;
in:127 out:128 type:B dur:2 cpbdur:2 q:20.97 aq:11.71 tex:205170 mv:51911 misc:5663 imb:1515 pmb:3473 smb:3172 d:- ref:0 ;
in:128 out:129 type:b dur:2 cpbdur:2 q:20.97 aq:12.99 tex:154044 mv:46928 misc:6044 imb:971 pmb:3670 smb:3519 d:- ref:0 ;
in:132 out:130 type:P dur:2 cpbdur:2 q:20.92 aq:9.59 tex:448788 mv:45729 misc:747 imb:7486 pmb:665 smb:9 d:- ref:0 w:7,121,6 ;
in:130 out:131 type:B dur:2 cpbdur:2 q:20.95 aq:12.84 tex:271278 mv:58122 misc:5256 imb:2059 pmb:3239 smb:2862 d:- ref:0 ;
in:131 out:132 type:b dur:2 cpbdur:2 q:20.93 aq:12.55 tex:232591 mv:54532 misc:5733 imb:1552 pmb:3876 smb:2732 d:- ref:0 ;
in:136 out:133 type:P dur:2 cpbdur:2 q:20.82 aq:10.17 tex:440658 mv:52655 misc:2159 imb:5916 pmb:1397 smb:847 d:- ref:0 ;
in:134 out:134 type:B dur:2 cpbdur:2 q:20.87 aq:11.19 tex:266403 mv:59295 misc:5390 imb:1903 pmb:4006 smb:2251 d:- ref:0 ;
in:133 out:135 type:b dur:2 cpbdur:2 q:20.90 aq:12.37 tex:198060 mv:50745 misc:6019 imb:1461 pmb:4015 smb:2684 d:- ref:0 ;
in:135 out:136 type:b dur:2 cpbdur:2 q:20.85 aq:13.81 tex:141968 mv:39767 misc:6601 imb:732 pmb:3710 smb:3718 d:- ref:0 ;
in:140 out:137 type:P dur:2 cpbdur:2 q:20.92 aq:10.65 tex:438513 mv:47423 misc:2000 imb:6129 pmb:1363 smb:668 d:- ref:0 ;
in:138 out:138 type:B dur:2 cpbdur:2 q:20.87 aq:11.51 tex:334031 mv:60460 misc:4997 imb:2224 pmb:3694 smb:2242 d:- ref:0 ;
in:137 out:139 type:b dur:2 cpbdur:2 q:20.85 aq:12.63 tex:206622 mv:51501 misc:5989 imb:1487 pmb:3907 smb:2766 d:- ref:0 ;
in:139 out:140 type:b dur:2 cpbdur:2 q:20.90 aq:12.99 tex:166556 mv:44544 misc:6172 imb:1039 pmb:3232 smb:3889 d:- ref:0 ;
in:141 out:141 type:I dur:2 cpbdur:2 q:18.19 aq:8.04 tex:539869 mv:100204 misc:671 imb:8160 pmb:0 smb:0 d:- ref:;
in:143 out:142 type:P dur:2 cpbdur:2 q:20.92 aq:10.91 tex:529009 mv:46626 misc:1173 imb:6782 pmb:905 smb:473 d:- ref:0 ;
in:142 out:143 type:b dur:2 cpbdur:2 q:20.92 aq:12.48 tex:326328 mv:65182 misc:4626 imb:2827 pmb:3415 smb:1918 d:- ref:0 ;
in:144 out:144 type:P dur:2 cpbdur:2 q:20.94 aq:10.94 tex:423288 mv:48392 misc:2912 imb:5098 pmb:1667 smb:1395 d:- ref:0 ;
in:145 out:145 type:P dur:2 cpbdur:2 q:20.99 aq:11.08 tex:349535 mv:42920 misc:4025 imb:4247 pmb:1791 smb:2122 d:- ref:0 ;
in:146 out:146 type:P dur:2 cpbdur:2 q:21.01 aq:10.01 tex:372314 mv:40804 misc:4482 imb:3850 pmb:1855 smb:2455 d:- ref:0 ;
in:150 out:147 type:P dur:2 cpbdur:2 q:21.02 aq:10.13 tex:489188 mv:51417 misc:2347 imb:5530 pmb:1742 smb:888 d:- ref:0 ;
in:148 out:148 type:B dur:2 cpbdur:2 q:21.01 aq:11.76 tex:280838 mv:52908 misc:5094 imb:2016 pmb:2876 smb:3268 d:- ref:0 ;
in:147 out:149 type:b dur:2 cpbdur:2 q:21.01 aq:12.97 tex:301061 mv:49765 misc:5582 imb:1604 pmb:3192 smb:3364 d:- ref:0 ;
in:149 out:150 type:b dur:2 cpbdur:2 q:21.02 aq:14.14 tex:187584 mv:37080 misc:5456 imb:780 pmb:2623 smb:4757 d:- ref:0 ;
in:151 out:151 type:P dur:2 cpbdur:2 q:21.17 aq:10.01 tex:307098 mv:40259 misc:3811 imb:3228 pmb:1902 smb:3030 d:- ref:0 ;
in:153 out:152 type:P dur:2 cpbdur:2 q:21.20 aq:10.34 tex:492460 mv:50755 misc:2337 imb:4545 pmb:1802 smb:1813 d:- ref:0 ;
in:152 out:153 type:b dur:2 cpbdur:2 q:21.19 aq:14.32 tex:233611 mv:51509 misc:4416 imb:1448 pmb:2860 smb:3852 d:- ref:0 ;
in:157 out:154 type:P dur:2 cpbdur:2 q:21.21 aq:11.75 tex:490940 mv:50798 misc:3278 imb:4072 pmb:1943 smb:2145 d:- ref:0 ;
in:155 out:155 type:B dur:2 cpbdur:2 q:21.21 aq:11.75 tex:345535 mv:60676 misc:4205 imb:1702 pmb:3151 smb:3307 d:- ref:0 ;
in:154 out:156 type:b dur:2 cpbdur:2 q:21.20 aq:15.26 tex:222374 mv:46491 misc:4463 imb:701 pmb:3060 smb:4399 d:- ref:0 ;
in:156 out:157 type:b dur:2 cpbdur:2 q:21.21 aq:13.52 tex:256925 mv:49612 misc:4879 imb:1006 pmb:3222 smb:3932 d:- ref:0 ;
in:159 out:158 type:P dur:2 cpbdur:2 q:21.28 aq:13.05 tex:568537 mv:48963 misc:2772 imb:4903 pmb:1397 smb:1860 d:- ref:0 ;
in:158 out:159 type:b dur:2 cpbdur:2 q:21.24 aq:14.70 tex:389846 mv:64025 misc:4713 imb:1628 pmb:3670 smb:2862 d:- ref:0 ;
in:160 out:160 type:P dur:2 cpbdur:2 q:21.37 aq:13.30 tex:553078 mv:52840 misc:2626 imb:4711 pmb:1701 smb:1748 d:- ref:0 ;
in:161 out:161 type:P dur:2 cpbdur:2 q:21.45 aq:12.81 tex:610271 mv:54981 misc:2244 imb:5627 pmb:1498 smb:1035 d:- ref:0 ;
in:163 out:162 type:P dur:2 cpbdur:2 q:21.54 aq:12.25 tex:591916 mv:57077 misc:1791 imb:6030 pmb:1534 smb:596 d:- ref:0 ;
in:162 out:163 type:b dur:2 cpbdur:2 q:21.49 aq:14.16 tex:420105 mv:75398 misc:4337 imb:2904 pmb:3589 smb:1667 d:- ref:0 ;
in:165 out:164 type:P dur:2 cpbdur:2 q:21.62 aq:11.88 tex:510265 mv:57568 misc:2903 imb:4998 pmb:1978 smb:1184 d:- ref:0 ;
in:164 out:165 type:b dur:2 cpbdur:2 q:21.58 aq:15.07 tex:332733 mv:64925 misc:5542 imb:1754 pmb:3729 smb:2677 d:- ref:0 ;
in:169 out:166 type:P dur:2 cpbdur:2 q:21.71 aq:12.30 tex:591385 mv:59313 misc:1726 imb:5452 pmb:1665 smb:1043 d:- ref:0 ;
in:167 out:167 type:B dur:2 cpbdur:2 q:21.66 aq:13.55 tex:458279 mv:79229 misc:3436 imb:2702 pmb:3635 smb:1823 d:- ref:0 ;
in:166 out:168 type:b dur:2 cpbdur:2 q:21.64 aq:14.96 tex:264321 mv:64903 misc:5360 imb:1435 pmb:4033 smb:2692 d:- ref:0 ;
in:168 out:169 type:b dur:2 cpbdur:2 q:21.69 aq:15.08 tex:310902 mv:68121 misc:4673 imb:1953 pmb:3562 smb:2645 d:- ref:0 ;
in:172 out:170 type:P dur:2 cpbdur:2 q:21.78 aq:12.31 tex:424397 mv:57196 misc:2535 imb:4596 pmb:2028 smb:1536 d:- ref:0 ;
in:170 out:171 type:B dur:2 cpbdur:2 q:21.73 aq:14.07 tex:271366 mv:65951 misc:5171 imb:1442 pmb:3731 smb:2987 d:- ref:0 ;
in:171 out:172 type:b dur:2 cpbdur:2 q:21.76 aq:14.82 tex:188918 mv:50858 misc:6144 imb:865 pmb:3488 smb:3807 d:- ref:0 ;
in:176 out:173 type:P dur:2 cpbdur:2 q:21.85 aq:13.28 tex:387999 mv:57164 misc:1717 imb:5959 pmb:1641 smb:560 d:- ref:0 ;
in:174 out:174 type:B dur:2 cpbdur:2 q:21.82 aq:13.32 tex:336232 mv:79482 misc:4022 imb:3058 pmb:3549 smb:1553 d:- ref:0 ;
in:173 out:175 type:b dur:2 cpbdur:2 q:21.80 aq:14.55 tex:226339 mv:58542 misc:5687 imb:1429 pmb:3701 smb:3030 d:- ref:0 ;
in:175 out:176 type:b dur:2 cpbdur:2 q:21.83 aq:14.75 tex:17495 mv:6979 misc:5518 imb:54 pmb:1486 smb:6620 d:- ref:0 ;
in:177 out:177 type:P dur:2 cpbdur:2 q:21.92 aq:14.15 tex:486485 mv:54254 misc:1181 imb:7339 pmb:670 smb:151 d:- ref:0 ;
in:178 out:178 type:P dur:2 cpbdur:2 q:22.02 aq:14.51 tex:448940 mv:62992 misc:1364 imb:6656 pmb:1271 smb:233 d:- ref:0 ;
in:179 out:179 type:P dur:2 cpbdur:2 q:22.12 aq:14.99 tex:425312 mv:68633 misc:2007 imb:5826 pmb:1916 smb:418 d:- ref:0 ;
in:180 out:180 type:I dur:2 cpbdur:2 q:18.62 aq:9.13 tex:432492 mv:99979 misc:753 imb:8160 pmb:0 smb:0 d:- ref:;
in:181 out:181 type:P dur:2 cpbdur:2 q:22.29 aq:11.52 tex:316598 mv:49505 misc:3313 imb:5409 pmb:1441 smb:1310 d:- ref:0 ;
in:183 out:182 type:P dur:2 cpbdur:2 q:22.35 aq:11.39 tex:335869 mv:54118 misc:2525 imb:5909 pmb:1619 smb:632 d:- ref:0 ;
in:182 out:183 type:b dur:2 cpbdur:2 q:22.32 aq:13.15 tex:203972 mv:58150 misc:5606 imb:2261 pmb:3821 smb:2078 d:- ref:0 ;
in:184 out:184 type:P dur:2 cpbdur:2 q:22.44 aq:12.83 tex:285593 mv:51534 misc:3849 imb:5106 pmb:1501 smb:1553 d:- ref:0 ;
in:186 out:185 type:P dur:2 cpbdur:2 q:22.50 aq:11.44 tex:256112 mv:54750 misc:2306 imb:6037 pmb:1640 smb:483 d:- ref:0 ;
in:185 out:186 type:b dur:2 cpbdur:2 q:22.47 aq:14.29 tex:197679 mv:62339 misc:5846 imb:2127 pmb:3757 smb:2276 d:- ref:0 ;
in:190 out:187 type:P dur:2 cpbdur:2 q:22.52 aq:11.38 tex:366871 mv:52363 misc:1926 imb:6416 pmb:1313 smb:431 d:- ref:0 ;
in:188 out:188 type:B dur:2 cpbdur:2 q:22.51 aq:11.63 tex:215548 mv:61531 misc:5417 imb:2403 pmb:3737 smb:2020 d:- ref:0 ;
in:187 out:189 type:b dur:2 cpbdur:2 q:22.50 aq:12.94 tex:164802 mv:52542 misc:5944 imb:1918 pmb:3335 smb:2907 d:- ref:0 ;
in:189 out:190 type:b dur:2 cpbdur:2 q:22.51 aq:13.89 tex:171183 mv:42987 misc:6726 imb:924 pmb:3435 smb:3801 d:- ref:0 ;
in:194 out:191 type:P dur:2 cpbdur:2 q:22.58 aq:12.23 tex:560781 mv:52032 misc:1739 imb:6480 pmb:1339 smb:341 d:- ref:0 ;
in:192 out:192 type:B dur:2 cpbdur:2 q:22.55 aq:13.29 tex:394673 mv:68143 misc:4616 imb:2489 pmb:3915 smb:1756 d:- ref:0 ;
in:191 out:193 type:b dur:2 cpbdur:2 q:22.53 aq:15.56 tex:243906 mv:53994 misc:6348 imb:1457 pmb:3508 smb:3195 d:- ref:0 ;
in:193 out:194 type:b dur:2 cpbdur:2 q:22.56 aq:14.59 tex:305635 mv:58703 misc:5934 imb:1510 pmb:3796 smb:2854 d:- ref:0 ;
in:197 out:195 type:P dur:2 cpbdur:2 q:22.62 aq:13.30 tex:496039 mv:50513 misc:2704 imb:5795 pmb:1521 smb:844 d:- ref:0 ;
in:195 out:196 type:B dur:2 cpbdur:2 q:22.59 aq:14.92 tex:353489 mv:59071 misc:5664 imb:1717 pmb:3352 smb:3091 d:- ref:0 ;
in:196 out:197 type:b dur:2 cpbdur:2 q:22.61 aq:14.75 tex:297393 mv:56383 misc:5704 imb:1270 pmb:3719 smb:3171 d:- ref:0 ;
in:200 out:198 type:P dur:2 cpbdur:2 q:22.70 aq:13.30 tex:594335 mv:51766 misc:1739 imb:6173 pmb:1500 smb:487 d:- ref:0 ;
in:198 out:199 type:B dur:2 cpbdur:2 q:22.65 aq:14.33 tex:415202 mv:67662 misc:4880 imb:2634 pmb:3441 smb:2085 d:- ref:0 ;
in:199 out:200 type:b dur:2 cpbdur:2 q:22.67 aq:15.45 tex:314065 mv:60492 misc:5699 imb:1534 pmb:3425 smb:3201 d:- ref:0 ;
in:203 out:201 type:P dur:2 cpbdur:2 q:22.76 aq:13.47 tex:544345 mv:48527 misc:1936 imb:6223 pmb:1226 smb:711 d:- ref:0 ;
in:201 out:202 type:B dur:2 cpbdur:2 q:22.72 aq:15.00 tex:429353 mv:65516 misc:5067 imb:2540 pmb:2996 smb:2624 d:- ref:0 ;
in:202 out:203 type:b dur:2 cpbdur:2 q:22.74 aq:15.63 tex:322559 mv:57697 misc:5544 imb:1466 pmb:3301 smb:3393 d:- ref:0 ;
in:206 out:204 type:P dur:2 cpbdur:2 q:22.81 aq:13.46 tex:478066 mv:46046 misc:1976 imb:6413 pmb:1100 smb:647 d:- ref:0 ;
in:204 out:205 type:B dur:2 cpbdur:2 q:22.78 aq:14.82 tex:396861 mv:63772 misc:5207 imb:2433 pmb:3029 smb:2698 d:- ref:0 ;
in:205 out:206 type:b dur:2 cpbdur:2 q:22.80 aq:15.08 tex:339552 mv:60759 misc:5489 imb:1928 pmb:3439 smb:2793 d:- ref:0 ;
in:207 out:207 type:P dur:2 cpbdur:2 q:22.82 aq:13.37 tex:432942 mv:44242 misc:2952 imb:5822 pmb:1171 smb:1167 d:- ref:0 ;
in:208 out:208 type:P dur:2 cpbdur:2 q:22.82 aq:13.27 tex:378017 mv:44118 misc:3553 imb:4926 pmb:1333 smb:1901 d:- ref:0 ;
in:209 out:209 type:P dur:2 cpbdur:2 q:22.88 aq:13.81 tex:333550 mv:40648 misc:3746 imb:4523 pmb:1219 smb:2418 d:- ref:0 ;
in:210 out:210 type:P dur:2 cpbdur:2 q:22.92 aq:13.72 tex:323931 mv:40865 misc:3308 imb:5087 pmb:1101 smb:1972 d:- ref:0 ;
in:211 out:211 type:P dur:2 cpbdur:2 q:22.94 aq:13.80 tex:294083 mv:41529 misc:3380 imb:5091 pmb:1122 smb:1947 d:- ref:0 ;
in:212 out:212 type:P dur:2 cpbdur:2 q:22.96 aq:14.17 tex:300013 mv:42163 misc:2824 imb:5397 pmb:1074 smb:1689 d:- ref:0 ;
in:213 out:213 type:P dur:2 cpbdur:2 q:23.00 aq:13.94 tex:319988 mv:41822 misc:2550 imb:5719 pmb:940 smb:1501 d:- ref:0 ;
in:214 out:214 type:P dur:2 cpbdur:2 q:23.04 aq:13.74 tex:304310 mv:41038 misc:2420 imb:5756 pmb:950 smb:1454 d:- ref:0 ;
in:215 out:215 type:P dur:2 cpbdur:2 q:23.06 aq:13.48 tex:334164 mv:41515 misc:2185 imb:6201 pmb:887 smb:1072 d:- ref:0 ;
in:216 out:216 type:P dur:2 cpbdur:2 q:23.13 aq:14.39 tex:237146 mv:42497 misc:3381 imb:4865 pmb:1358 smb:1937 d:- ref:0 ;
in:219 out:217 type:P dur:2 cpbdur:2 q:23.18 aq:12.46 tex:534948 mv:44727 misc:733 imb:7700 pmb:459 smb:1 d:- ref:0 ;
in:217 out:218 type:B dur:2 cpbdur:2 q:23.15 aq:13.95 tex:229995 mv:50273 misc:5924 imb:2610 pmb:3092 smb:2458 d:- ref:0 ;
in:218 out:219 type:b dur:2 cpbdur:2 q:23.16 aq:16.45 tex:95968 mv:30824 misc:7280 imb:364 pmb:3557 smb:4239 d:- ref:0 ;
in:223 out:220 type:P dur:2 cpbdur:2 q:23.37 aq:13.35 tex:388081 mv:61054 misc:2065 imb:5323 pmb:2483 smb:354 d:- ref:0 ;
in:221 out:221 type:B dur:2 cpbdur:2 q:23.28 aq:14.86 tex:206691 mv:62432 misc:6229 imb:1310 pmb:4601 smb:2249 d:- ref:0 ;
in:220 out:222 type:b dur:2 cpbdur:2 q:23.23 aq:17.19 tex:119664 mv:36174 misc:7106 imb:457 pmb:3589 smb:4114 d:- ref:0 ;
in:222 out:223 type:b dur:2 cpbdur:2 q:23.32 aq:16.07 tex:140363 mv:49805 misc:7144 imb:757 pmb:4392 smb:3011 d:- ref:0 ;
in:227 out:224 type:P dur:2 cpbdur:2 q:23.51 aq:12.90 tex:467934 mv:61828 misc:1046 imb:6128 pmb:1992 smb:40 d:- ref:0 w:7,127,4,4,16,0,13,24 ;
in:225 out:225 type:B dur:2 cpbdur:2 q:23.44 aq:14.33 tex:264359 mv:76845 misc:4052 imb:2340 pmb:4939 smb:881 d:- ref:0 ;
in:224 out:226 type:b dur:2 cpbdur:2 q:23.41 aq:15.73 tex:156090 mv:55931 misc:6819 imb:991 pmb:4834 smb:2335 d:- ref:0 ;
in:226 out:227 type:b dur:2 cpbdur:2 q:23.47 aq:15.76 tex:144877 mv:54973 misc:6558 imb:1111 pmb:4884 smb:2165 d:- ref:0 ;
in:231 out:228 type:P dur:2 cpbdur:2 q:23.66 aq:12.59 tex:358740 mv:62332 misc:1352 imb:5434 pmb:2612 smb:114 d:- ref:0 w:6,63,3 ;
in:229 out:229 type:B dur:2 cpbdur:2 q:23.58 aq:14.51 tex:208392 mv:71135 misc:5265 imb:1632 pmb:5113 smb:1415 d:- ref:0 ;
in:228 out:230 type:b dur:2 cpbdur:2 q:23.55 aq:16.63 tex:111155 mv:36524 misc:7649 imb:439 pmb:4337 smb:3384 d:- ref:0 ;
in:230 out:231 type:b dur:2 cpbdur:2 q:23.62 aq:15.82 tex:133625 mv:52923 misc:6980 imb:880 pmb:4593 smb:2687 d:- ref:0 ;
in:235 out:232 type:P dur:2 cpbdur:2 q:23.72 aq:12.99 tex:351110 mv:61190 misc:2100 imb:5015 pmb:2780 smb:365 d:- ref:0 w:0,1,1 ;
in:233 out:233 type:B dur:2 cpbdur:2 q:23.69 aq:14.36 tex:208248 mv:63625 misc:6071 imb:1198 pmb:5008 smb:1954 d:- ref:0 ;
in:232 out:234 type:b dur:2 cpbdur:2 q:23.68 aq:17.05 tex:80648 mv:27550 misc:7354 imb:215 pmb:3520 smb:4425 d:- ref:0 ;
in:234 out:235 type:b dur:2 cpbdur:2 q:23.71 aq:16.53 tex:129519 mv:50059 misc:7022 imb:843 pmb:4272 smb:3045 d:- ref:0 ;
in:239 out:236 type:P dur:2 cpbdur:2 q:23.75 aq:13.75 tex:338104 mv:55540 misc:3668 imb:4290 pmb:2510 smb:1360 d:- ref:0 ;
in:237 out:237 type:B dur:2 cpbdur:2 q:23.74 aq:14.89 tex:195368 mv:62559 misc:6169 imb:1343 pmb:4263 smb:2554 d:- ref:0 ;
in:236 out:238 type:b dur:2 cpbdur:2 q:23.73 aq:17.19 tex:121400 mv:44144 misc:7184 imb:518 pmb:4005 smb:3637 d:- ref:0 ;
in:238 out:239 type:b dur:2 cpbdur:2 q:23.74 aq:17.13 tex:137084 mv:42178 misc:7018 imb:544 pmb:3732 smb:3884 d:- ref:0 ;
in:243 out:240 type:P dur:2 cpbdur:2 q:23.65 aq:13.65 tex:399207 mv:58649 misc:3152 imb:4620 pmb:2250 smb:1290 d:- ref:0 ;
in:241 out:241 type:B dur:2 cpbdur:2 q:23.70 aq:14.89 tex:223428 mv:66570 misc:6010 imb:1459 pmb:4352 smb:2349 d:- ref:0 ;
in:240 out:242 type:b dur:2 cpbdur:2 q:23.73 aq:16.84 tex:127806 mv:44591 misc:7187 imb:736 pmb:3867 smb:3557 d:- ref:0 ;
in:242 out:243 type:b dur:2 cpbdur:2 q:23.68 aq:16.69 tex:169449 mv:53570 misc:6893 imb:867 pmb:3916 smb:3377 d:- ref:0 ;
in:247 out:244 type:P dur:2 cpbdur:2 q:23.58 aq:13.38 tex:458658 mv:60371 misc:3195 imb:4902 pmb:2334 smb:924 d:- ref:0 ;
in:245 out:245 type:B dur:2 cpbdur:2 q:23.62 aq:14.80 tex:238127 mv:70324 misc:6157 imb:1540 pmb:4506 smb:2114 d:- ref:0 ;
in:244 out:246 type:b dur:2 cpbdur:2 q:23.63 aq:17.14 tex:151098 mv:47970 misc:7060 imb:748 pmb:3773 smb:3639 d:- ref:0 ;
in:246 out:247 type:b dur:2 cpbdur:2 q:23.60 aq:16.63 tex:167904 mv:52840 misc:7120 imb:948 pmb:4072 smb:3140 d:- ref:0 ;
in:251 out:248 type:P dur:2 cpbdur:2 q:23.49 aq:13.93 tex:428687 mv:59462 misc:3131 imb:4606 pmb:2712 smb:842 d:- ref:0 ;
in:249 out:249 type:B dur:2 cpbdur:2 q:23.54 aq:15.51 tex:227255 mv:59812 misc:6629 imb:1128 pmb:4602 smb:2430 d:- ref:0 ;
in:248 out:250 type:b dur:2 cpbdur:2 q:23.56 aq:17.23 tex:146801 mv:40322 misc:7077 imb:489 pmb:3662 smb:4009 d:- ref:0 ;
in:250 out:251 type:b dur:2 cpbdur:2 q:23.52 aq:16.41 tex:162671 mv:45922 misc:7159 imb:966 pmb:4083 smb:3111 d:- ref:0 ;
in:255 out:252 type:P dur:2 cpbdur:2 q:23.39 aq:14.09 tex:438901 mv:61980 misc:2447 imb:5174 pmb:2534 smb:452 d:- ref:0 ;
in:253 out:253 type:B dur:2 cpbdur:2 q:23.44 aq:15.10 tex:268876 mv:72620 misc:5656 imb:1975 pmb:4602 smb:1583 d:- ref:0 ;
in:252 out:254 type:b dur:2 cpbdur:2 q:23.47 aq:16.94 tex:162131 mv:45135 misc:7246 imb:732 pmb:4114 smb:3314 d:- ref:0 ;
in:254 out:255 type:b dur:2 cpbdur:2 q:23.42 aq:16.40 tex:185795 mv:52715 misc:6962 imb:894 pmb:4628 smb:2638 d:- ref:0 ;
in:259 out:256 type:P dur:2 cpbdur:2 q:23.31 aq:15.20 tex:439672 mv:56898 misc:1374 imb:6344 pmb:1666 smb:150 d:- ref:0 ;
in:257 out:257 type:B dur:2 cpbdur:2 q:23.35 aq:14.65 tex:309066 mv:76241 misc:5125 imb:2056 pmb:4822 smb:1282 d:- ref:0 ;
in:256 out:258 type:b dur:2 cpbdur:2 q:23.37 aq:16.52 tex:189811 mv:52810 misc:7187 imb:869 pmb:4288 smb:3003 d:- ref:0 ;
in:258 out:259 type:b dur:2 cpbdur:2 q:23.33 aq:16.35 tex:273715 mv:59915 misc:6042 imb:1306 pmb:4733 smb:2121 d:- ref:0 ;
